<?xml version="1.0" encoding="UTF-8"?>
<!-- Generated by org.testng.reporters.JUnitReportReporter -->
<testsuite hostname="DESKTOP-AJHD9AD" failures="0" tests="1" name="scenario3.Cart" time="18.160" errors="0" timestamp="2021-08-04T15:33:19 EDT" skipped="0">
  <testcase classname="scenario3.Cart" name="cartVerification" time="18.160"/>
  <system-out/>
</testsuite> <!-- scenario3.Cart -->
