<?xml version="1.0" encoding="UTF-8"?>
<!-- Generated by org.testng.reporters.JUnitReportReporter -->
<testsuite hostname="DESKTOP-AJHD9AD" failures="0" tests="3" name="testng.AccountCreation" time="152.969" errors="0" timestamp="2021-07-30T13:04:34 EDT" skipped="0">
  <testcase classname="testng.AccountCreation" name="accountCreation" time="39.467"/>
  <system-out/>
  <testcase classname="testng.AccountCreation" name="updateInformation" time="49.293"/>
  <system-out/>
  <testcase classname="testng.AccountCreation" name="updateAdditionalAddress" time="64.209"/>
  <system-out/>
</testsuite> <!-- testng.AccountCreation -->
