<?xml version="1.0" encoding="UTF-8"?>
<!-- Generated by org.testng.reporters.JUnitReportReporter -->
<testsuite hostname="DESKTOP-AJHD9AD" failures="0" tests="3" name="scenario2.SearchTest" time="61.283" errors="0" timestamp="2021-07-30T15:52:53 EDT" skipped="0">
  <testcase classname="scenario2.SearchTest" name="chiffonDress" time="19.852"/>
  <system-out/>
  <testcase classname="scenario2.SearchTest" name="summerDress" time="24.010"/>
  <system-out/>
  <testcase classname="scenario2.SearchTest" name="noResults" time="17.421"/>
  <system-out/>
</testsuite> <!-- scenario2.SearchTest -->
