<?xml version="1.0" encoding="UTF-8"?>
<!-- Generated by org.testng.reporters.JUnitReportReporter -->
<testsuite hostname="DESKTOP-AJHD9AD" failures="0" tests="1" name="testscenario4.VerifyOrder" time="13.892" errors="0" timestamp="2021-08-04T18:49:51 EDT" skipped="0">
  <testcase classname="testscenario4.VerifyOrder" name="verifyOrder" time="13.892"/>
  <system-out/>
</testsuite> <!-- testscenario4.VerifyOrder -->
